# JRE version: OpenJDK Runtime Environment (8.0_212-b04) (build 1.8.0_212-release-1586-b04)
# Java VM: OpenJDK 64-Bit Server VM (25.212-b04 mixed mode windows-amd64 compressed oops)
Heap:
 PSYoungGen      total 484864K, used 418230K [0x00000000e0000000, 0x0000000100000000, 0x0000000100000000)
  eden space 445440K, 90% used [0x00000000e0000000,0x00000000f8913090,0x00000000fb300000)
  from space 39424K, 39% used [0x00000000fb300000,0x00000000fc25aa88,0x00000000fd980000)
  to   space 38912K, 0% used [0x00000000fda00000,0x00000000fda00000,0x0000000100000000)
 ParOldGen       total 201216K, used 73462K [0x00000000a0000000, 0x00000000ac480000, 0x00000000e0000000)
  object space 201216K, 36% used [0x00000000a0000000,0x00000000a47bdba0,0x00000000ac480000)
 Metaspace       used 77820K, capacity 81178K, committed 81408K, reserved 1120256K
  class space    used 10280K, capacity 10931K, committed 11008K, reserved 1048576K
GC Heap History (10 events):
Event: 29.563 GC heap before
{Heap before GC invocations=28 (full 3):
 PSYoungGen      total 477184K, used 473794K [0x00000000e0000000, 0x0000000100000000, 0x0000000100000000)
  eden space 450560K, 100% used [0x00000000e0000000,0x00000000fb800000,0x00000000fb800000)
  from space 26624K, 87% used [0x00000000fe600000,0x00000000ffcb0bb8,0x0000000100000000)
  to   space 36864K, 0% used [0x00000000fb800000,0x00000000fb800000,0x00000000fdc00000)
 ParOldGen       total 201216K, used 70797K [0x00000000a0000000, 0x00000000ac480000, 0x00000000e0000000)
  object space 201216K, 35% used [0x00000000a0000000,0x00000000a4523700,0x00000000ac480000)
 Metaspace       used 73741K, capacity 76956K, committed 77056K, reserved 1116160K
  class space    used 9796K, capacity 10414K, committed 10496K, reserved 1048576K
Event: 29.615 GC heap after
Heap after GC invocations=28 (full 3):
 PSYoungGen      total 475648K, used 24785K [0x00000000e0000000, 0x0000000100000000, 0x0000000100000000)
  eden space 450560K, 0% used [0x00000000e0000000,0x00000000e0000000,0x00000000fb800000)
  from space 25088K, 98% used [0x00000000fb800000,0x00000000fd0346a0,0x00000000fd080000)
  to   space 37376K, 0% used [0x00000000fdb80000,0x00000000fdb80000,0x0000000100000000)
 ParOldGen       total 201216K, used 71005K [0x00000000a0000000, 0x00000000ac480000, 0x00000000e0000000)
  object space 201216K, 35% used [0x00000000a0000000,0x00000000a4557700,0x00000000ac480000)
 Metaspace       used 73741K, capacity 76956K, committed 77056K, reserved 1116160K
  class space    used 9796K, capacity 10414K, committed 10496K, reserved 1048576K
}
Event: 30.578 GC heap before
{Heap before GC invocations=29 (full 3):
 PSYoungGen      total 475648K, used 475345K [0x00000000e0000000, 0x0000000100000000, 0x0000000100000000)
  eden space 450560K, 100% used [0x00000000e0000000,0x00000000fb800000,0x00000000fb800000)
  from space 25088K, 98% used [0x00000000fb800000,0x00000000fd0346a0,0x00000000fd080000)
  to   space 37376K, 0% used [0x00000000fdb80000,0x00000000fdb80000,0x0000000100000000)
 ParOldGen       total 201216K, used 71005K [0x00000000a0000000, 0x00000000ac480000, 0x00000000e0000000)
  object space 201216K, 35% used [0x00000000a0000000,0x00000000a4557700,0x00000000ac480000)
 Metaspace       used 73749K, capacity 76956K, committed 77056K, reserved 1116160K
  class space    used 9797K, capacity 10414K, committed 10496K, reserved 1048576K
Event: 30.608 GC heap after
Heap after GC invocations=29 (full 3):
 PSYoungGen      total 483840K, used 28032K [0x00000000e0000000, 0x0000000100000000, 0x0000000100000000)
  eden space 446464K, 0% used [0x00000000e0000000,0x00000000e0000000,0x00000000fb400000)
  from space 37376K, 75% used [0x00000000fdb80000,0x00000000ff6e03b8,0x0000000100000000)
  to   space 38912K, 0% used [0x00000000fb400000,0x00000000fb400000,0x00000000fda00000)
 ParOldGen       total 201216K, used 71333K [0x00000000a0000000, 0x00000000ac480000, 0x00000000e0000000)
  object space 201216K, 35% used [0x00000000a0000000,0x00000000a45a9720,0x00000000ac480000)
 Metaspace       used 73749K, capacity 76956K, committed 77056K, reserved 1116160K
  class space    used 9797K, capacity 10414K, committed 10496K, reserved 1048576K
}
Event: 31.840 GC heap before
{Heap before GC invocations=30 (full 3):
 PSYoungGen      total 483840K, used 474496K [0x00000000e0000000, 0x0000000100000000, 0x0000000100000000)
  eden space 446464K, 100% used [0x00000000e0000000,0x00000000fb400000,0x00000000fb400000)
  from space 37376K, 75% used [0x00000000fdb80000,0x00000000ff6e03b8,0x0000000100000000)
  to   space 38912K, 0% used [0x00000000fb400000,0x00000000fb400000,0x00000000fda00000)
 ParOldGen       total 201216K, used 71333K [0x00000000a0000000, 0x00000000ac480000, 0x00000000e0000000)
  object space 201216K, 35% used [0x00000000a0000000,0x00000000a45a9720,0x00000000ac480000)
 Metaspace       used 73768K, capacity 77020K, committed 77312K, reserved 1116160K
  class space    used 9797K, capacity 10414K, committed 10496K, reserved 1048576K
Event: 31.864 GC heap after
Heap after GC invocations=30 (full 3):
 PSYoungGen      total 465920K, used 19111K [0x00000000e0000000, 0x00000000ffd80000, 0x0000000100000000)
  eden space 446464K, 0% used [0x00000000e0000000,0x00000000e0000000,0x00000000fb400000)
  from space 19456K, 98% used [0x00000000fb400000,0x00000000fc6a9de8,0x00000000fc700000)
  to   space 36864K, 0% used [0x00000000fd980000,0x00000000fd980000,0x00000000ffd80000)
 ParOldGen       total 201216K, used 73270K [0x00000000a0000000, 0x00000000ac480000, 0x00000000e0000000)
  object space 201216K, 36% used [0x00000000a0000000,0x00000000a478dba0,0x00000000ac480000)
 Metaspace       used 73768K, capacity 77020K, committed 77312K, reserved 1116160K
  class space    used 9797K, capacity 10414K, committed 10496K, reserved 1048576K
}
Event: 33.012 GC heap before
{Heap before GC invocations=31 (full 3):
 PSYoungGen      total 465920K, used 465575K [0x00000000e0000000, 0x00000000ffd80000, 0x0000000100000000)
  eden space 446464K, 100% used [0x00000000e0000000,0x00000000fb400000,0x00000000fb400000)
  from space 19456K, 98% used [0x00000000fb400000,0x00000000fc6a9de8,0x00000000fc700000)
  to   space 36864K, 0% used [0x00000000fd980000,0x00000000fd980000,0x00000000ffd80000)
 ParOldGen       total 201216K, used 73270K [0x00000000a0000000, 0x00000000ac480000, 0x00000000e0000000)
  object space 201216K, 36% used [0x00000000a0000000,0x00000000a478dba0,0x00000000ac480000)
 Metaspace       used 74228K, capacity 77468K, committed 77696K, reserved 1116160K
  class space    used 9861K, capacity 10516K, committed 10624K, reserved 1048576K
Event: 33.042 GC heap after
Heap after GC invocations=31 (full 3):
 PSYoungGen      total 482304K, used 31431K [0x00000000e0000000, 0x0000000100000000, 0x0000000100000000)
  eden space 445440K, 0% used [0x00000000e0000000,0x00000000e0000000,0x00000000fb300000)
  from space 36864K, 85% used [0x00000000fd980000,0x00000000ff831cb0,0x00000000ffd80000)
  to   space 39424K, 0% used [0x00000000fb300000,0x00000000fb300000,0x00000000fd980000)
 ParOldGen       total 201216K, used 73374K [0x00000000a0000000, 0x00000000ac480000, 0x00000000e0000000)
  object space 201216K, 36% used [0x00000000a0000000,0x00000000a47a7ba0,0x00000000ac480000)
 Metaspace       used 74228K, capacity 77468K, committed 77696K, reserved 1116160K
  class space    used 9861K, capacity 10516K, committed 10624K, reserved 1048576K
}
Event: 34.914 GC heap before
{Heap before GC invocations=32 (full 3):
 PSYoungGen      total 482304K, used 476871K [0x00000000e0000000, 0x0000000100000000, 0x0000000100000000)
  eden space 445440K, 99% used [0x00000000e0000000,0x00000000fb2fffc8,0x00000000fb300000)
  from space 36864K, 85% used [0x00000000fd980000,0x00000000ff831cb0,0x00000000ffd80000)
  to   space 39424K, 0% used [0x00000000fb300000,0x00000000fb300000,0x00000000fd980000)
 ParOldGen       total 201216K, used 73374K [0x00000000a0000000, 0x00000000ac480000, 0x00000000e0000000)
  object space 201216K, 36% used [0x00000000a0000000,0x00000000a47a7ba0,0x00000000ac480000)
 Metaspace       used 74325K, capacity 77532K, committed 77696K, reserved 1116160K
  class space    used 9873K, capacity 10516K, committed 10624K, reserved 1048576K
Event: 34.930 GC heap after
Heap after GC invocations=32 (full 3):
 PSYoungGen      total 484864K, used 15722K [0x00000000e0000000, 0x0000000100000000, 0x0000000100000000)
  eden space 445440K, 0% used [0x00000000e0000000,0x00000000e0000000,0x00000000fb300000)
  from space 39424K, 39% used [0x00000000fb300000,0x00000000fc25aa88,0x00000000fd980000)
  to   space 38912K, 0% used [0x00000000fda00000,0x00000000fda00000,0x0000000100000000)
 ParOldGen       total 201216K, used 73462K [0x00000000a0000000, 0x00000000ac480000, 0x00000000e0000000)
  object space 201216K, 36% used [0x00000000a0000000,0x00000000a47bdba0,0x00000000ac480000)
 Metaspace       used 74325K, capacity 77532K, committed 77696K, reserved 1116160K
  class space    used 9873K, capacity 10516K, committed 10624K, reserved 1048576K
}

